<?xml version="1.0" encoding="utf-8"?><testsuites name="pytest tests"><testsuite name="pytest" errors="0" failures="0" skipped="0" tests="4" time="1.123" timestamp="2026-07-11T22:52:35.709863+00:00" hostname="agent-env-3e2ffa84-6695-4c5c-b867-7cf5f37e5250"><testcase classname="tests.test_waitlist" name="test_root" time="0.236" /><testcase classname="tests.test_waitlist" name="test_create_waitlist_full" time="0.146" /><testcase classname="tests.test_waitlist" name="test_create_waitlist_minimal" time="0.092" /><testcase classname="tests.test_waitlist" name="test_create_waitlist_missing_required" time="0.104" /></testsuite></testsuites>